# Logfile created on 2015-02-16 18:43:18 -0500 by logger.rb/44203
I, [2015-02-16T18:43:18.655038 #2338]  INFO -- : 0:  rake (10.4.2) from /Users/szagar/.rvm/gems/ruby-2.1.0@zts/specifications/rake-10.4.2.gemspec
I, [2015-02-16T18:43:19.236013 #2338]  INFO -- : 0:  i18n (0.7.0) from /Users/szagar/.rvm/gems/ruby-2.1.0@zts/specifications/i18n-0.7.0.gemspec
I, [2015-02-16T18:43:19.769422 #2338]  INFO -- : 0:  multi_json (1.10.1) from /Users/szagar/.rvm/gems/ruby-2.1.0@zts/specifications/multi_json-1.10.1.gemspec
I, [2015-02-16T18:43:20.540151 #2338]  INFO -- : 0:  activesupport (3.2.21) from /Users/szagar/.rvm/gems/ruby-2.1.0@zts/specifications/activesupport-3.2.21.gemspec
I, [2015-02-16T18:43:20.540613 #2338]  INFO -- : 0:  builder (3.0.4) from /Users/szagar/.rvm/gems/ruby-2.1.0@zts/specifications/builder-3.0.4.gemspec
I, [2015-02-16T18:43:21.157237 #2338]  INFO -- : 0:  activemodel (3.2.21) from /Users/szagar/.rvm/gems/ruby-2.1.0@zts/specifications/activemodel-3.2.21.gemspec
I, [2015-02-16T18:43:21.157829 #2338]  INFO -- : 0:  erubis (2.7.0) from /Users/szagar/.rvm/gems/ruby-2.1.0@zts/specifications/erubis-2.7.0.gemspec
I, [2015-02-16T18:43:21.158219 #2338]  INFO -- : 0:  journey (1.0.4) from /Users/szagar/.rvm/gems/ruby-2.1.0@zts/specifications/journey-1.0.4.gemspec
I, [2015-02-16T18:43:21.158607 #2338]  INFO -- : 0:  rack (1.4.5) from /Users/szagar/.rvm/gems/ruby-2.1.0@zts/specifications/rack-1.4.5.gemspec
I, [2015-02-16T18:43:21.159013 #2338]  INFO -- : 0:  rack-cache (1.2) from /Users/szagar/.rvm/gems/ruby-2.1.0@zts/specifications/rack-cache-1.2.gemspec
I, [2015-02-16T18:43:21.715138 #2338]  INFO -- : 0:  rack-test (0.6.3) from /Users/szagar/.rvm/gems/ruby-2.1.0@zts/specifications/rack-test-0.6.3.gemspec
I, [2015-02-16T18:43:21.715452 #2338]  INFO -- : 0:  hike (1.2.3) from /Users/szagar/.rvm/gems/ruby-2.1.0@zts/specifications/hike-1.2.3.gemspec
I, [2015-02-16T18:43:21.715728 #2338]  INFO -- : 0:  tilt (1.4.1) from /Users/szagar/.rvm/gems/ruby-2.1.0@zts/specifications/tilt-1.4.1.gemspec
I, [2015-02-16T18:43:22.374863 #2338]  INFO -- : 0:  sprockets (2.2.3) from /Users/szagar/.rvm/gems/ruby-2.1.0@zts/specifications/sprockets-2.2.3.gemspec
I, [2015-02-16T18:43:23.061950 #2338]  INFO -- : 0:  actionpack (3.2.21) from /Users/szagar/.rvm/gems/ruby-2.1.0@zts/specifications/actionpack-3.2.21.gemspec
I, [2015-02-16T18:43:23.062266 #2338]  INFO -- : 0:  arel (3.0.3) from /Users/szagar/.rvm/gems/ruby-2.1.0@zts/specifications/arel-3.0.3.gemspec
I, [2015-02-16T18:43:24.267988 #2338]  INFO -- : 0:  tzinfo (0.3.42) from /Users/szagar/.rvm/gems/ruby-2.1.0@zts/specifications/tzinfo-0.3.42.gemspec
I, [2015-02-16T18:43:24.989669 #2338]  INFO -- : 0:  activerecord (3.2.21) from /Users/szagar/.rvm/gems/ruby-2.1.0@zts/specifications/activerecord-3.2.21.gemspec
I, [2015-02-16T18:43:25.640397 #2338]  INFO -- : 0:  amq-protocol (1.9.2) from /Users/szagar/.rvm/gems/ruby-2.1.0@zts/specifications/amq-protocol-1.9.2.gemspec
I, [2015-02-16T18:43:40.977506 #2338]  INFO -- : 0:  eventmachine (1.0.4) from /Users/szagar/.rvm/gems/ruby-2.1.0@zts/specifications/eventmachine-1.0.4.gemspec
I, [2015-02-16T18:43:42.158738 #2338]  INFO -- : 0:  amqp (1.5.0) from /Users/szagar/.rvm/gems/ruby-2.1.0@zts/specifications/amqp-1.5.0.gemspec
I, [2015-02-16T18:43:42.813417 #2338]  INFO -- : 0:  bunny (1.6.3) from /Users/szagar/.rvm/gems/ruby-2.1.0@zts/specifications/bunny-1.6.3.gemspec
I, [2015-02-16T18:43:43.564929 #2338]  INFO -- : 0:  thor (0.19.1) from /Users/szagar/.rvm/gems/ruby-2.1.0@zts/specifications/thor-0.19.1.gemspec
I, [2015-02-16T18:43:44.171297 #2338]  INFO -- : 0:  daemon-kit (0.3.1) from /Users/szagar/.rvm/gems/ruby-2.1.0@zts/specifications/daemon-kit-0.3.1.gemspec
I, [2015-02-16T18:43:44.171639 #2338]  INFO -- : 0:  diff-lcs (1.2.5) from /Users/szagar/.rvm/gems/ruby-2.1.0@zts/specifications/diff-lcs-1.2.5.gemspec
I, [2015-02-16T18:43:44.171896 #2338]  INFO -- : 0:  bundler (1.5.1) from /Users/szagar/.rvm/gems/ruby-2.1.0@global/specifications/bundler-1.5.1.gemspec
I, [2015-02-16T18:43:44.686213 #2338]  INFO -- : 0:  rack-ssl (1.3.4) from /Users/szagar/.rvm/gems/ruby-2.1.0@zts/specifications/rack-ssl-1.3.4.gemspec
I, [2015-02-16T18:43:46.175302 #2338]  INFO -- : 0:  json (1.8.2) from /Users/szagar/.rvm/gems/ruby-2.1.0@zts/specifications/json-1.8.2.gemspec
I, [2015-02-16T18:43:46.175840 #2338]  INFO -- : 0:  rdoc (3.12.2) from /Users/szagar/.rvm/gems/ruby-2.1.0@zts/specifications/rdoc-3.12.2.gemspec
I, [2015-02-16T18:43:47.376333 #2338]  INFO -- : 0:  railties (3.2.21) from /Users/szagar/.rvm/gems/ruby-2.1.0@zts/specifications/railties-3.2.21.gemspec
I, [2015-02-16T18:43:47.941861 #2338]  INFO -- : 0:  standalone_migrations (2.1.5) from /Users/szagar/.rvm/gems/ruby-2.1.0@zts/specifications/standalone_migrations-2.1.5.gemspec
I, [2015-02-16T18:43:48.434895 #2338]  INFO -- : 0:  xml-simple (1.1.4) from /Users/szagar/.rvm/gems/ruby-2.1.0@zts/specifications/xml-simple-1.1.4.gemspec
I, [2015-02-16T18:43:48.435238 #2338]  INFO -- : 0:  ib-ruby (0.9.2) from /Users/szagar/.rvm/gems/ruby-2.1.0@zts/specifications/ib-ruby-0.9.2.gemspec
I, [2015-02-16T18:43:49.087394 #2338]  INFO -- : 0:  redis (3.2.0) from /Users/szagar/.rvm/gems/ruby-2.1.0@zts/specifications/redis-3.2.0.gemspec
I, [2015-02-16T18:43:49.687913 #2338]  INFO -- : 0:  rspec-support (3.1.2) from /Users/szagar/.rvm/gems/ruby-2.1.0@zts/specifications/rspec-support-3.1.2.gemspec
I, [2015-02-16T18:43:50.311951 #2338]  INFO -- : 0:  rspec-core (3.1.7) from /Users/szagar/.rvm/gems/ruby-2.1.0@zts/specifications/rspec-core-3.1.7.gemspec
I, [2015-02-16T18:43:50.933843 #2338]  INFO -- : 0:  rspec-expectations (3.1.2) from /Users/szagar/.rvm/gems/ruby-2.1.0@zts/specifications/rspec-expectations-3.1.2.gemspec
I, [2015-02-16T18:43:51.486832 #2338]  INFO -- : 0:  rspec-mocks (3.1.3) from /Users/szagar/.rvm/gems/ruby-2.1.0@zts/specifications/rspec-mocks-3.1.3.gemspec
I, [2015-02-16T18:43:52.035850 #2338]  INFO -- : 0:  rspec (3.1.0) from /Users/szagar/.rvm/gems/ruby-2.1.0@zts/specifications/rspec-3.1.0.gemspec
I, [2015-02-16T18:43:52.036193 #2338]  INFO -- : 0:  safely (0.3.2) from /Users/szagar/.rvm/gems/ruby-2.1.0@zts/specifications/safely-0.3.2.gemspec
